Build started 27/01/2016 23:09:29.
     1>Project "C:\Users\Felipe\Dropbox\TCC-Sepulveda\Codigo\SVMLinear\SVMLinear\SVMLinear.vcxproj" on node 2 (Build target(s)).
     1>ClCompile:
         C:\Program Files (x86)\Microsoft Visual Studio 12.0\VC\bin\CL.exe /c /ZI /nologo /W3 /WX- /sdl /Od /Oy- /D WIN32 /D _DEBUG /D _CONSOLE /D _LIB /D _UNICODE /D UNICODE /Gm /EHsc /RTC1 /MDd /GS /fp:precise /Zc:wchar_t /Zc:forScope /Yu"stdafx.h" /Fp"Debug\SVMLinear.pch" /Fo"Debug\\" /Fd"Debug\vc120.pdb" /Gd /TP /analyze- /errorReport:prompt SVMLinear.cpp
         SVMLinear.cpp
     1>c:\users\felipe\dropbox\tcc-sepulveda\codigo\svmlinear\svmlinear\svmlinear.cpp(266): warning C4018: '<' : signed/unsigned mismatch
     1>c:\users\felipe\dropbox\tcc-sepulveda\codigo\svmlinear\svmlinear\svmlinear.cpp(325): warning C4018: '<' : signed/unsigned mismatch
     1>c:\users\felipe\dropbox\tcc-sepulveda\codigo\svmlinear\svmlinear\svmlinear.cpp(391): warning C4018: '<' : signed/unsigned mismatch
     1>c:\users\felipe\dropbox\tcc-sepulveda\codigo\svmlinear\svmlinear\svmlinear.cpp(398): warning C4018: '<' : signed/unsigned mismatch
     1>c:\users\felipe\dropbox\tcc-sepulveda\codigo\svmlinear\svmlinear\svmlinear.cpp(404): warning C4018: '<' : signed/unsigned mismatch
     1>c:\users\felipe\dropbox\tcc-sepulveda\codigo\svmlinear\svmlinear\svmlinear.cpp(418): warning C4244: 'argument' : conversion from 'time_t' to 'unsigned int', possible loss of data
     1>c:\users\felipe\dropbox\tcc-sepulveda\codigo\svmlinear\svmlinear\svmlinear.cpp(450): warning C4244: 'initializing' : conversion from 'double' to 'int', possible loss of data
     1>c:\users\felipe\dropbox\tcc-sepulveda\codigo\svmlinear\svmlinear\svmlinear.cpp(491): warning C4018: '<' : signed/unsigned mismatch
       Link:
         C:\Program Files (x86)\Microsoft Visual Studio 12.0\VC\bin\link.exe /ERRORREPORT:PROMPT /OUT:"C:\Users\Felipe\Dropbox\TCC-Sepulveda\Codigo\SVMLinear\Debug\SVMLinear.exe" /INCREMENTAL /NOLOGO kernel32.lib user32.lib gdi32.lib winspool.lib comdlg32.lib advapi32.lib shell32.lib ole32.lib oleaut32.lib uuid.lib odbc32.lib odbccp32.lib /MANIFEST /MANIFESTUAC:"level='asInvoker' uiAccess='false'" /manifest:embed /DEBUG /PDB:"C:\Users\Felipe\Dropbox\TCC-Sepulveda\Codigo\SVMLinear\Debug\SVMLinear.pdb" /SUBSYSTEM:CONSOLE /TLBID:1 /DYNAMICBASE /NXCOMPAT /IMPLIB:"C:\Users\Felipe\Dropbox\TCC-Sepulveda\Codigo\SVMLinear\Debug\SVMLinear.lib" /MACHINE:X86 Debug\stdafx.obj
         Debug\SVMLinear.obj
     1>SVMLinear.obj : error LNK2001: unresolved external symbol "public: static bool SVMData::IsCSV" (?IsCSV@SVMData@@2_NA)
     1>SVMLinear.obj : error LNK2001: unresolved external symbol "public: static int SVMData::nFeatures" (?nFeatures@SVMData@@2HA)
     1>C:\Users\Felipe\Dropbox\TCC-Sepulveda\Codigo\SVMLinear\Debug\SVMLinear.exe : fatal error LNK1120: 2 unresolved externals
     1>Done Building Project "C:\Users\Felipe\Dropbox\TCC-Sepulveda\Codigo\SVMLinear\SVMLinear\SVMLinear.vcxproj" (Build target(s)) -- FAILED.

Build FAILED.

Time Elapsed 00:00:02.61
